DYNAMIC;ADAPTIVE;1000;SPIKE;NO;1;20;100;0;100;0;
DYNAMIC;ADAPTIVE;1000;SPIKE;NO;2;20;100;0;100;0;
DYNAMIC;ADAPTIVE;1000;SPIKE;NO;3;20;100;0;100;0;
DYNAMIC;ADAPTIVE;1000;SPIKE;NO;4;20;100;0;100;0;
DYNAMIC;ADAPTIVE;1000;SPIKE;NO;5;20;99;0;100;0;
DYNAMIC;ADAPTIVE;1000;SPIKE;NO;6;20;99;0;100;0;
DYNAMIC;ADAPTIVE;1000;SPIKE;NO;7;20;84;11;88;0;
DYNAMIC;ADAPTIVE;1000;SPIKE;NO;8;20;83;0;100;0;
DYNAMIC;ADAPTIVE;1000;SPIKE;NO;9;20;80;11;88;0;
DYNAMIC;ADAPTIVE;1000;SPIKE;NO;10;20;75;33;66;0;
DYNAMIC;ADAPTIVE;1000;SPIKE;NO;11;20;-;-;-;-;
DYNAMIC;ADAPTIVE;1000;SPIKE;NO;12;20;-;-;-;-;
DYNAMIC;ADAPTIVE;1000;SPIKE;NO;13;20;-;-;-;-;
DYNAMIC;ADAPTIVE;1000;SPIKE;NO;14;20;-;-;-;-;
DYNAMIC;ADAPTIVE;1000;SPIKE;NO;15;20;-;-;-;-;
DYNAMIC;ADAPTIVE;1000;SPIKE;NO;16;20;-;-;-;-;
DYNAMIC;ADAPTIVE;1000;SPIKE;NO;17;20;-;-;-;-;
DYNAMIC;ADAPTIVE;1000;SPIKE;NO;18;20;-;-;-;-;
DYNAMIC;ADAPTIVE;1000;SPIKE;NO;19;20;-;-;-;-;
DYNAMIC;ADAPTIVE;1000;SPIKE;NO;20;20;-;-;-;-;
DYNAMIC;ADAPTIVE;1000;SPIKE;NO;21;20;-;-;-;-;
DYNAMIC;ADAPTIVE;1000;SPIKE;NO;22;20;-;-;-;-;
DYNAMIC;ADAPTIVE;1000;SPIKE;NO;23;20;-;-;-;-;
DYNAMIC;ADAPTIVE;1000;SPIKE;NO;24;20;-;-;-;-;
DYNAMIC;ADAPTIVE;1000;SPIKE;NO;25;20;-;-;-;-;
DYNAMIC;ADAPTIVE;1000;SPIKE;NO;26;20;-;-;-;-;

DYNAMIC;ADAPTIVE;1000;SPIKE;YES;1;20;100;0;100;0;
DYNAMIC;ADAPTIVE;1000;SPIKE;YES;2;20;100;0;100;0;
DYNAMIC;ADAPTIVE;1000;SPIKE;YES;3;20;100;0;100;0;
DYNAMIC;ADAPTIVE;1000;SPIKE;YES;4;20;100;0;100;0;
DYNAMIC;ADAPTIVE;1000;SPIKE;YES;5;20;99;0;100;0;
DYNAMIC;ADAPTIVE;1000;SPIKE;YES;6;20;99;0;100;0;
DYNAMIC;ADAPTIVE;1000;SPIKE;YES;7;20;84;11;88;0;
DYNAMIC;ADAPTIVE;1000;SPIKE;YES;8;20;83;0;100;0;
DYNAMIC;ADAPTIVE;1000;SPIKE;YES;9;20;80;11;88;0;
DYNAMIC;ADAPTIVE;1000;SPIKE;YES;10;20;75;33;66;0;
DYNAMIC;ADAPTIVE;1000;SPIKE;YES;11;20;0;22;77;0;
DYNAMIC;ADAPTIVE;1000;SPIKE;YES;12;20;0;0;88;11;
DYNAMIC;ADAPTIVE;1000;SPIKE;YES;13;20;0;0;88;11;
DYNAMIC;ADAPTIVE;1000;SPIKE;YES;14;20;0;0;88;11;
DYNAMIC;ADAPTIVE;1000;SPIKE;YES;15;20;0;0;100;0;
DYNAMIC;ADAPTIVE;1000;SPIKE;YES;16;20;0;0;100;0;
DYNAMIC;ADAPTIVE;1000;SPIKE;YES;17;20;0;0;88;11;
DYNAMIC;ADAPTIVE;1000;SPIKE;YES;18;20;0;0;88;11;
DYNAMIC;ADAPTIVE;1000;SPIKE;YES;19;20;0;0;88;11;
DYNAMIC;ADAPTIVE;1000;SPIKE;YES;20;20;0;0;88;11;
DYNAMIC;ADAPTIVE;1000;SPIKE;YES;21;20;0;0;88;11;
DYNAMIC;ADAPTIVE;1000;SPIKE;YES;22;20;0;0;88;11;
DYNAMIC;ADAPTIVE;1000;SPIKE;YES;23;20;0;0;88;11;
DYNAMIC;ADAPTIVE;1000;SPIKE;YES;24;20;0;0;88;11;
DYNAMIC;ADAPTIVE;1000;SPIKE;YES;25;20;0;0;100;0;
DYNAMIC;ADAPTIVE;1000;SPIKE;YES;26;20;0;0;100;0;

DYNAMIC;ADAPTIVE;1000;SPIKE;MINIMAL;1;20;100;0;100;0;
DYNAMIC;ADAPTIVE;1000;SPIKE;MINIMAL;2;20;100;0;100;0;
DYNAMIC;ADAPTIVE;1000;SPIKE;MINIMAL;3;20;100;0;100;0;
DYNAMIC;ADAPTIVE;1000;SPIKE;MINIMAL;4;20;100;0;100;0;
DYNAMIC;ADAPTIVE;1000;SPIKE;MINIMAL;5;20;99;0;100;0;
DYNAMIC;ADAPTIVE;1000;SPIKE;MINIMAL;6;20;99;0;100;0;
DYNAMIC;ADAPTIVE;1000;SPIKE;MINIMAL;7;20;84;11;88;0;
DYNAMIC;ADAPTIVE;1000;SPIKE;MINIMAL;8;20;83;0;100;0;
DYNAMIC;ADAPTIVE;1000;SPIKE;MINIMAL;9;20;80;11;88;0;
DYNAMIC;ADAPTIVE;1000;SPIKE;MINIMAL;10;20;75;33;66;0;
DYNAMIC;ADAPTIVE;1000;SPIKE;MINIMAL;11;20;64;33;66;0;
DYNAMIC;ADAPTIVE;1000;SPIKE;MINIMAL;12;20;57;33;66;0;
DYNAMIC;ADAPTIVE;1000;SPIKE;MINIMAL;13;20;57;33;66;0;
DYNAMIC;ADAPTIVE;1000;SPIKE;MINIMAL;14;20;57;33;66;0;
DYNAMIC;ADAPTIVE;1000;SPIKE;MINIMAL;15;20;57;33;66;0;
DYNAMIC;ADAPTIVE;1000;SPIKE;MINIMAL;16;20;57;33;55;11;
DYNAMIC;ADAPTIVE;1000;SPIKE;MINIMAL;17;20;57;33;55;11;
DYNAMIC;ADAPTIVE;1000;SPIKE;MINIMAL;18;20;52;33;55;11;
DYNAMIC;ADAPTIVE;1000;SPIKE;MINIMAL;19;20;57;33;66;0;
DYNAMIC;ADAPTIVE;1000;SPIKE;MINIMAL;20;20;57;33;66;0;
DYNAMIC;ADAPTIVE;1000;SPIKE;MINIMAL;21;20;49;33;55;11;
DYNAMIC;ADAPTIVE;1000;SPIKE;MINIMAL;22;20;48;33;55;11;
DYNAMIC;ADAPTIVE;1000;SPIKE;MINIMAL;23;20;47;33;55;11;
DYNAMIC;ADAPTIVE;1000;SPIKE;MINIMAL;24;20;0;33;66;0;
DYNAMIC;ADAPTIVE;1000;SPIKE;MINIMAL;25;20;0;33;66;0;
DYNAMIC;ADAPTIVE;1000;SPIKE;MINIMAL;26;20;0;33;66;0;
