DYNAMIC;MINIMAL;1000;SPREAD;NO;1;20;5;11;88;0;0;
DYNAMIC;MINIMAL;1000;SPREAD;NO;2;20;4;11;88;0;1;
DYNAMIC;MINIMAL;1000;SPREAD;NO;3;20;4;11;88;0;1;
DYNAMIC;MINIMAL;1000;SPREAD;NO;4;20;4;11;88;0;4;
DYNAMIC;MINIMAL;1000;SPREAD;NO;5;20;4;11;88;0;5;
DYNAMIC;MINIMAL;1000;SPREAD;NO;6;20;4;11;88;0;8;
DYNAMIC;MINIMAL;1000;SPREAD;NO;7;20;4;11;88;0;11;
DYNAMIC;MINIMAL;1000;SPREAD;NO;8;20;4;11;88;0;12;
DYNAMIC;MINIMAL;1000;SPREAD;NO;9;20;4;11;88;0;15;
DYNAMIC;MINIMAL;1000;SPREAD;NO;10;20;4;11;88;0;18;
DYNAMIC;MINIMAL;1000;SPREAD;NO;11;20;4;11;88;0;21;
DYNAMIC;MINIMAL;1000;SPREAD;NO;12;20;4;11;88;0;25;
DYNAMIC;MINIMAL;1000;SPREAD;NO;13;20;4;11;88;0;29;
DYNAMIC;MINIMAL;1000;SPREAD;NO;14;20;4;11;88;0;33;
DYNAMIC;MINIMAL;1000;SPREAD;NO;15;20;4;11;88;0;37;
DYNAMIC;MINIMAL;1000;SPREAD;NO;16;20;4;11;88;0;43;
DYNAMIC;MINIMAL;1000;SPREAD;NO;17;20;4;11;88;0;49;
DYNAMIC;MINIMAL;1000;SPREAD;NO;18;20;4;11;88;0;55;
DYNAMIC;MINIMAL;1000;SPREAD;NO;19;20;4;11;88;0;60;
DYNAMIC;MINIMAL;1000;SPREAD;NO;20;20;4;11;88;0;68;
DYNAMIC;MINIMAL;1000;SPREAD;NO;21;20;4;11;88;0;77;
