DYNAMIC;ADAPTIVE;1000;SPREAD;NO;1;20;100;0;100;0;0;
DYNAMIC;ADAPTIVE;1000;SPREAD;NO;2;20;100;0;100;0;1;
DYNAMIC;ADAPTIVE;1000;SPREAD;NO;3;20;100;0;100;0;4;
DYNAMIC;ADAPTIVE;1000;SPREAD;NO;4;20;100;0;100;0;6;
DYNAMIC;ADAPTIVE;1000;SPREAD;NO;5;20;100;0;100;0;9;
DYNAMIC;ADAPTIVE;1000;SPREAD;NO;6;20;100;0;100;0;12;
DYNAMIC;ADAPTIVE;1000;SPREAD;NO;7;20;100;0;100;0;13;
DYNAMIC;ADAPTIVE;1000;SPREAD;NO;8;20;100;0;100;0;17;
DYNAMIC;ADAPTIVE;1000;SPREAD;NO;9;20;100;0;100;0;22;
DYNAMIC;ADAPTIVE;1000;SPREAD;NO;10;20;100;0;100;0;28;
DYNAMIC;ADAPTIVE;1000;SPREAD;NO;11;20;100;0;100;0;34;
DYNAMIC;ADAPTIVE;1000;SPREAD;NO;12;20;100;0;100;0;45;
DYNAMIC;ADAPTIVE;1000;SPREAD;NO;13;20;0;0;100;0;54;
DYNAMIC;ADAPTIVE;1000;SPREAD;NO;14;20;0;0;100;0;60;
DYNAMIC;ADAPTIVE;1000;SPREAD;NO;15;20;0;0;100;0;66;
DYNAMIC;ADAPTIVE;1000;SPREAD;NO;16;20;0;0;100;0;72;
DYNAMIC;ADAPTIVE;1000;SPREAD;NO;17;20;-;-;-;-;
DYNAMIC;ADAPTIVE;1000;SPREAD;NO;18;20;-;-;-;-;
DYNAMIC;ADAPTIVE;1000;SPREAD;NO;19;20;-;-;-;-;
DYNAMIC;ADAPTIVE;1000;SPREAD;NO;20;20;-;-;-;-;
DYNAMIC;ADAPTIVE;1000;SPREAD;NO;21;20;-;-;-;-;
