DYNAMIC;ADAPTIVE;1000;ADAPTIVE_DEVICES;NO;1;20;100;0;100;0;
DYNAMIC;ADAPTIVE;1000;ADAPTIVE_DEVICES;NO;2;20;100;0;100;0;
DYNAMIC;ADAPTIVE;1000;ADAPTIVE_DEVICES;NO;3;20;100;0;100;0;
DYNAMIC;ADAPTIVE;1000;ADAPTIVE_DEVICES;NO;4;20;100;0;100;0;
DYNAMIC;ADAPTIVE;1000;ADAPTIVE_DEVICES;NO;5;20;100;0;100;0;
DYNAMIC;ADAPTIVE;1000;ADAPTIVE_DEVICES;NO;6;20;100;0;100;0;
DYNAMIC;ADAPTIVE;1000;ADAPTIVE_DEVICES;NO;7;20;100;0;100;0;
DYNAMIC;ADAPTIVE;1000;ADAPTIVE_DEVICES;NO;8;20;100;0;100;0;
DYNAMIC;ADAPTIVE;1000;ADAPTIVE_DEVICES;NO;9;20;100;0;100;0;
DYNAMIC;ADAPTIVE;1000;ADAPTIVE_DEVICES;NO;10;20;100;0;100;0;
DYNAMIC;ADAPTIVE;1000;ADAPTIVE_DEVICES;NO;11;20;97;0;100;0;
DYNAMIC;ADAPTIVE;1000;ADAPTIVE_DEVICES;NO;12;20;92;0;100;0;
DYNAMIC;ADAPTIVE;1000;ADAPTIVE_DEVICES;NO;13;20;91;0;100;0;
DYNAMIC;ADAPTIVE;1000;ADAPTIVE_DEVICES;NO;14;20;99;0;88;11;
DYNAMIC;ADAPTIVE;1000;ADAPTIVE_DEVICES;NO;15;20;99;0;88;11;
DYNAMIC;ADAPTIVE;1000;ADAPTIVE_DEVICES;NO;16;20;97;0;88;11;
DYNAMIC;ADAPTIVE;1000;ADAPTIVE_DEVICES;NO;17;20;94;0;88;11;
DYNAMIC;ADAPTIVE;1000;ADAPTIVE_DEVICES;NO;18;20;91;0;88;11;
DYNAMIC;ADAPTIVE;1000;ADAPTIVE_DEVICES;NO;19;20;89;0;88;11;
DYNAMIC;ADAPTIVE;1000;ADAPTIVE_DEVICES;NO;20;20;88;0;88;11;
DYNAMIC;ADAPTIVE;1000;ADAPTIVE_DEVICES;NO;21;20;87;0;88;11;
