STATIC;HEURISTIC;1000;ADAPTIVE_DEVICES;NO;1;20;97;0;100;0;
STATIC;HEURISTIC;1000;ADAPTIVE_DEVICES;NO;2;20;97;0;100;0;
STATIC;HEURISTIC;1000;ADAPTIVE_DEVICES;NO;3;20;97;0;100;0;
STATIC;HEURISTIC;1000;ADAPTIVE_DEVICES;NO;4;20;97;0;100;0;
STATIC;HEURISTIC;1000;ADAPTIVE_DEVICES;NO;5;20;97;0;100;0;
STATIC;HEURISTIC;1000;ADAPTIVE_DEVICES;NO;6;20;97;0;100;0;
STATIC;HEURISTIC;1000;ADAPTIVE_DEVICES;NO;7;20;97;0;100;0;
STATIC;HEURISTIC;1000;ADAPTIVE_DEVICES;NO;8;20;97;0;100;0;
STATIC;HEURISTIC;1000;ADAPTIVE_DEVICES;NO;9;20;97;0;100;0;
STATIC;HEURISTIC;1000;ADAPTIVE_DEVICES;NO;10;20;97;0;100;0;
STATIC;HEURISTIC;1000;ADAPTIVE_DEVICES;NO;11;20;97;0;100;0;
STATIC;HEURISTIC;1000;ADAPTIVE_DEVICES;NO;12;20;97;0;100;0;
STATIC;HEURISTIC;1000;ADAPTIVE_DEVICES;NO;13;20;97;0;100;0;
STATIC;HEURISTIC;1000;ADAPTIVE_DEVICES;NO;14;20;97;0;100;0;
STATIC;HEURISTIC;1000;ADAPTIVE_DEVICES;NO;15;20;97;0;100;0;
STATIC;HEURISTIC;1000;ADAPTIVE_DEVICES;NO;16;20;0;0;100;0;
STATIC;HEURISTIC;1000;ADAPTIVE_DEVICES;NO;17;20;0;0;100;0;
STATIC;HEURISTIC;1000;ADAPTIVE_DEVICES;NO;18;20;0;0;100;0;
STATIC;HEURISTIC;1000;ADAPTIVE_DEVICES;NO;19;20;0;0;100;0;
STATIC;HEURISTIC;1000;ADAPTIVE_DEVICES;NO;20;20;0;0;100;0;
STATIC;HEURISTIC;1000;ADAPTIVE_DEVICES;NO;21;20;0;0;100;0;
